Flutter crash report.
Please report a bug at https://github.com/flutter/flutter/issues.

## command

flutter run --machine --start-paused -d JFJ4C20710001556 --devtools-server-address http://127.0.0.1:9100/ --target /Volumes/Bodega/Proyectos/github/ftr_anfibio_iaq/lib/main.dart

## exception

HttpException: HttpException: Connection closed before full header was received, uri = http://127.0.0.1:57857/1CzwV8jFUa8=/ws

```
```

## flutter doctor

```
[!] Flutter (Channel stable, 3.19.6, on macOS 14.0 23A344 darwin-arm64, locale es-CO)
    • Flutter version 3.19.6 on channel stable at /Users/dewins/flutter
    ! The flutter binary is not on your path. Consider adding /Users/dewins/flutter/bin to your path.
    ! The dart binary is not on your path. Consider adding /Users/dewins/flutter/bin to your path.
    • Upstream repository https://github.com/flutter/flutter.git
    • Framework revision 54e66469a9 (hace 7 semanas), 2024-04-17 13:08:03 -0700
    • Engine revision c4cd48e186
    • Dart version 3.3.4
    • DevTools version 2.31.1
    • If those were intentional, you can disregard the above warnings; however it is recommended to use "git" directly to perform update checks and upgrades.

[✓] Android toolchain - develop for Android devices (Android SDK version 34.0.0)
    • Android SDK at /Users/dewins/Library/Android/sdk
    • Platform android-34, build-tools 34.0.0
    • Java binary at: /Applications/Android Studio.app/Contents/jbr/Contents/Home/bin/java
    • Java version OpenJDK Runtime Environment (build 17.0.6+0-17.0.6b829.9-10027231)
    • All Android licenses accepted.

[✓] Xcode - develop for iOS and macOS (Xcode 15.0.1)
    • Xcode at /Applications/Xcode.app/Contents/Developer
    • Build 15A507
    • CocoaPods version 1.15.2

[✓] Chrome - develop for the web
    • Chrome at /Applications/Google Chrome.app/Contents/MacOS/Google Chrome

[✓] Android Studio (version 2022.3)
    • Android Studio at /Applications/Android Studio.app/Contents
    • Flutter plugin can be installed from:
      🔨 https://plugins.jetbrains.com/plugin/9212-flutter
    • Dart plugin can be installed from:
      🔨 https://plugins.jetbrains.com/plugin/6351-dart
    • Java version OpenJDK Runtime Environment (build 17.0.6+0-17.0.6b829.9-10027231)

[✓] VS Code (version 1.89.1)
    • VS Code at /Applications/Visual Studio Code.app/Contents
    • Flutter extension version 3.90.0

[✓] Connected device (3 available)
    • MAR LX3Am (mobile) • JFJ4C20710001556 • android-arm64  • Android 9 (API 28)
    • macOS (desktop)    • macos            • darwin-arm64   • macOS 14.0 23A344 darwin-arm64
    • Chrome (web)       • chrome           • web-javascript • Google Chrome 125.0.6422.142
    ! Error: Browsing on the local area network for iPhone de Dewins Murillo. Ensure the device is unlocked and attached with a cable or associated with the same local area network as this Mac.
      The device must be opted into Developer Mode to connect wirelessly. (code -27)

[✓] Network resources
    • All expected network resources are available.

! Doctor found issues in 1 category.
```
